bundler: failed to load command: bin/rails (bin/rails)
Bundler::GemNotFound: Could not find json-1.8.6 in any of the sources
  /home/bacancy/.rvm/rubies/ruby-2.7.1/lib/ruby/2.7.0/bundler/spec_set.rb:86:in `block in materialize'
  /home/bacancy/.rvm/rubies/ruby-2.7.1/lib/ruby/2.7.0/bundler/spec_set.rb:80:in `map!'
  /home/bacancy/.rvm/rubies/ruby-2.7.1/lib/ruby/2.7.0/bundler/spec_set.rb:80:in `materialize'
  /home/bacancy/.rvm/rubies/ruby-2.7.1/lib/ruby/2.7.0/bundler/definition.rb:170:in `specs'
  /home/bacancy/.rvm/rubies/ruby-2.7.1/lib/ruby/2.7.0/bundler/definition.rb:237:in `specs_for'
  /home/bacancy/.rvm/rubies/ruby-2.7.1/lib/ruby/2.7.0/bundler/definition.rb:226:in `requested_specs'
  /home/bacancy/.rvm/rubies/ruby-2.7.1/lib/ruby/2.7.0/bundler/runtime.rb:101:in `block in definition_method'
  /home/bacancy/.rvm/rubies/ruby-2.7.1/lib/ruby/2.7.0/bundler/runtime.rb:20:in `setup'
  /home/bacancy/.rvm/rubies/ruby-2.7.1/lib/ruby/2.7.0/bundler.rb:149:in `setup'
  /home/bacancy/.rvm/rubies/ruby-2.7.1/lib/ruby/2.7.0/bundler/setup.rb:20:in `block in <top (required)>'
  /home/bacancy/.rvm/rubies/ruby-2.7.1/lib/ruby/2.7.0/bundler/ui/shell.rb:136:in `with_level'
  /home/bacancy/.rvm/rubies/ruby-2.7.1/lib/ruby/2.7.0/bundler/ui/shell.rb:88:in `silence'
  /home/bacancy/.rvm/rubies/ruby-2.7.1/lib/ruby/2.7.0/bundler/setup.rb:20:in `<top (required)>'
bundler: failed to load command: bin/rails (bin/rails)
Bundler::GemNotFound: Could not find json-1.8.6 in any of the sources
  /home/bacancy/.rvm/rubies/ruby-2.7.1/lib/ruby/2.7.0/bundler/spec_set.rb:86:in `block in materialize'
  /home/bacancy/.rvm/rubies/ruby-2.7.1/lib/ruby/2.7.0/bundler/spec_set.rb:80:in `map!'
  /home/bacancy/.rvm/rubies/ruby-2.7.1/lib/ruby/2.7.0/bundler/spec_set.rb:80:in `materialize'
  /home/bacancy/.rvm/rubies/ruby-2.7.1/lib/ruby/2.7.0/bundler/definition.rb:170:in `specs'
  /home/bacancy/.rvm/rubies/ruby-2.7.1/lib/ruby/2.7.0/bundler/definition.rb:237:in `specs_for'
  /home/bacancy/.rvm/rubies/ruby-2.7.1/lib/ruby/2.7.0/bundler/definition.rb:226:in `requested_specs'
  /home/bacancy/.rvm/rubies/ruby-2.7.1/lib/ruby/2.7.0/bundler/runtime.rb:101:in `block in definition_method'
  /home/bacancy/.rvm/rubies/ruby-2.7.1/lib/ruby/2.7.0/bundler/runtime.rb:20:in `setup'
  /home/bacancy/.rvm/rubies/ruby-2.7.1/lib/ruby/2.7.0/bundler.rb:149:in `setup'
  /home/bacancy/.rvm/rubies/ruby-2.7.1/lib/ruby/2.7.0/bundler/setup.rb:20:in `block in <top (required)>'
  /home/bacancy/.rvm/rubies/ruby-2.7.1/lib/ruby/2.7.0/bundler/ui/shell.rb:136:in `with_level'
  /home/bacancy/.rvm/rubies/ruby-2.7.1/lib/ruby/2.7.0/bundler/ui/shell.rb:88:in `silence'
  /home/bacancy/.rvm/rubies/ruby-2.7.1/lib/ruby/2.7.0/bundler/setup.rb:20:in `<top (required)>'
bundler: failed to load command: bin/rails (bin/rails)
Bundler::GemNotFound: Could not find json-1.8.6 in any of the sources
  /home/bacancy/.rvm/rubies/ruby-2.7.1/lib/ruby/2.7.0/bundler/spec_set.rb:86:in `block in materialize'
  /home/bacancy/.rvm/rubies/ruby-2.7.1/lib/ruby/2.7.0/bundler/spec_set.rb:80:in `map!'
  /home/bacancy/.rvm/rubies/ruby-2.7.1/lib/ruby/2.7.0/bundler/spec_set.rb:80:in `materialize'
  /home/bacancy/.rvm/rubies/ruby-2.7.1/lib/ruby/2.7.0/bundler/definition.rb:170:in `specs'
  /home/bacancy/.rvm/rubies/ruby-2.7.1/lib/ruby/2.7.0/bundler/definition.rb:237:in `specs_for'
  /home/bacancy/.rvm/rubies/ruby-2.7.1/lib/ruby/2.7.0/bundler/definition.rb:226:in `requested_specs'
  /home/bacancy/.rvm/rubies/ruby-2.7.1/lib/ruby/2.7.0/bundler/runtime.rb:101:in `block in definition_method'
  /home/bacancy/.rvm/rubies/ruby-2.7.1/lib/ruby/2.7.0/bundler/runtime.rb:20:in `setup'
  /home/bacancy/.rvm/rubies/ruby-2.7.1/lib/ruby/2.7.0/bundler.rb:149:in `setup'
  /home/bacancy/.rvm/rubies/ruby-2.7.1/lib/ruby/2.7.0/bundler/setup.rb:20:in `block in <top (required)>'
  /home/bacancy/.rvm/rubies/ruby-2.7.1/lib/ruby/2.7.0/bundler/ui/shell.rb:136:in `with_level'
  /home/bacancy/.rvm/rubies/ruby-2.7.1/lib/ruby/2.7.0/bundler/ui/shell.rb:88:in `silence'
  /home/bacancy/.rvm/rubies/ruby-2.7.1/lib/ruby/2.7.0/bundler/setup.rb:20:in `<top (required)>'
bundler: failed to load command: bin/rails (bin/rails)
Bundler::GemNotFound: Could not find json-1.8.6 in any of the sources
  /home/bacancy/.rvm/rubies/ruby-2.7.1/lib/ruby/2.7.0/bundler/spec_set.rb:86:in `block in materialize'
  /home/bacancy/.rvm/rubies/ruby-2.7.1/lib/ruby/2.7.0/bundler/spec_set.rb:80:in `map!'
  /home/bacancy/.rvm/rubies/ruby-2.7.1/lib/ruby/2.7.0/bundler/spec_set.rb:80:in `materialize'
  /home/bacancy/.rvm/rubies/ruby-2.7.1/lib/ruby/2.7.0/bundler/definition.rb:170:in `specs'
  /home/bacancy/.rvm/rubies/ruby-2.7.1/lib/ruby/2.7.0/bundler/definition.rb:237:in `specs_for'
  /home/bacancy/.rvm/rubies/ruby-2.7.1/lib/ruby/2.7.0/bundler/definition.rb:226:in `requested_specs'
  /home/bacancy/.rvm/rubies/ruby-2.7.1/lib/ruby/2.7.0/bundler/runtime.rb:101:in `block in definition_method'
  /home/bacancy/.rvm/rubies/ruby-2.7.1/lib/ruby/2.7.0/bundler/runtime.rb:20:in `setup'
  /home/bacancy/.rvm/rubies/ruby-2.7.1/lib/ruby/2.7.0/bundler.rb:149:in `setup'
  /home/bacancy/.rvm/rubies/ruby-2.7.1/lib/ruby/2.7.0/bundler/setup.rb:20:in `block in <top (required)>'
  /home/bacancy/.rvm/rubies/ruby-2.7.1/lib/ruby/2.7.0/bundler/ui/shell.rb:136:in `with_level'
  /home/bacancy/.rvm/rubies/ruby-2.7.1/lib/ruby/2.7.0/bundler/ui/shell.rb:88:in `silence'
  /home/bacancy/.rvm/rubies/ruby-2.7.1/lib/ruby/2.7.0/bundler/setup.rb:20:in `<top (required)>'
bundler: failed to load command: bin/rails (bin/rails)
Bundler::GemNotFound: Could not find json-1.8.6 in any of the sources
  /home/bacancy/.rvm/rubies/ruby-2.7.1/lib/ruby/2.7.0/bundler/spec_set.rb:86:in `block in materialize'
  /home/bacancy/.rvm/rubies/ruby-2.7.1/lib/ruby/2.7.0/bundler/spec_set.rb:80:in `map!'
  /home/bacancy/.rvm/rubies/ruby-2.7.1/lib/ruby/2.7.0/bundler/spec_set.rb:80:in `materialize'
  /home/bacancy/.rvm/rubies/ruby-2.7.1/lib/ruby/2.7.0/bundler/definition.rb:170:in `specs'
  /home/bacancy/.rvm/rubies/ruby-2.7.1/lib/ruby/2.7.0/bundler/definition.rb:237:in `specs_for'
  /home/bacancy/.rvm/rubies/ruby-2.7.1/lib/ruby/2.7.0/bundler/definition.rb:226:in `requested_specs'
  /home/bacancy/.rvm/rubies/ruby-2.7.1/lib/ruby/2.7.0/bundler/runtime.rb:101:in `block in definition_method'
  /home/bacancy/.rvm/rubies/ruby-2.7.1/lib/ruby/2.7.0/bundler/runtime.rb:20:in `setup'
  /home/bacancy/.rvm/rubies/ruby-2.7.1/lib/ruby/2.7.0/bundler.rb:149:in `setup'
  /home/bacancy/.rvm/rubies/ruby-2.7.1/lib/ruby/2.7.0/bundler/setup.rb:20:in `block in <top (required)>'
  /home/bacancy/.rvm/rubies/ruby-2.7.1/lib/ruby/2.7.0/bundler/ui/shell.rb:136:in `with_level'
  /home/bacancy/.rvm/rubies/ruby-2.7.1/lib/ruby/2.7.0/bundler/ui/shell.rb:88:in `silence'
  /home/bacancy/.rvm/rubies/ruby-2.7.1/lib/ruby/2.7.0/bundler/setup.rb:20:in `<top (required)>'
bundler: failed to load command: bin/rails (bin/rails)
Bundler::GemNotFound: Could not find json-1.8.6 in any of the sources
  /home/bacancy/.rvm/rubies/ruby-2.7.1/lib/ruby/2.7.0/bundler/spec_set.rb:86:in `block in materialize'
  /home/bacancy/.rvm/rubies/ruby-2.7.1/lib/ruby/2.7.0/bundler/spec_set.rb:80:in `map!'
  /home/bacancy/.rvm/rubies/ruby-2.7.1/lib/ruby/2.7.0/bundler/spec_set.rb:80:in `materialize'
  /home/bacancy/.rvm/rubies/ruby-2.7.1/lib/ruby/2.7.0/bundler/definition.rb:170:in `specs'
  /home/bacancy/.rvm/rubies/ruby-2.7.1/lib/ruby/2.7.0/bundler/definition.rb:237:in `specs_for'
  /home/bacancy/.rvm/rubies/ruby-2.7.1/lib/ruby/2.7.0/bundler/definition.rb:226:in `requested_specs'
  /home/bacancy/.rvm/rubies/ruby-2.7.1/lib/ruby/2.7.0/bundler/runtime.rb:101:in `block in definition_method'
  /home/bacancy/.rvm/rubies/ruby-2.7.1/lib/ruby/2.7.0/bundler/runtime.rb:20:in `setup'
  /home/bacancy/.rvm/rubies/ruby-2.7.1/lib/ruby/2.7.0/bundler.rb:149:in `setup'
  /home/bacancy/.rvm/rubies/ruby-2.7.1/lib/ruby/2.7.0/bundler/setup.rb:20:in `block in <top (required)>'
  /home/bacancy/.rvm/rubies/ruby-2.7.1/lib/ruby/2.7.0/bundler/ui/shell.rb:136:in `with_level'
  /home/bacancy/.rvm/rubies/ruby-2.7.1/lib/ruby/2.7.0/bundler/ui/shell.rb:88:in `silence'
  /home/bacancy/.rvm/rubies/ruby-2.7.1/lib/ruby/2.7.0/bundler/setup.rb:20:in `<top (required)>'
bundler: failed to load command: bin/rails (bin/rails)
Bundler::GemNotFound: Could not find json-1.8.6 in any of the sources
  /home/bacancy/.rvm/rubies/ruby-2.7.1/lib/ruby/2.7.0/bundler/spec_set.rb:86:in `block in materialize'
  /home/bacancy/.rvm/rubies/ruby-2.7.1/lib/ruby/2.7.0/bundler/spec_set.rb:80:in `map!'
  /home/bacancy/.rvm/rubies/ruby-2.7.1/lib/ruby/2.7.0/bundler/spec_set.rb:80:in `materialize'
  /home/bacancy/.rvm/rubies/ruby-2.7.1/lib/ruby/2.7.0/bundler/definition.rb:170:in `specs'
  /home/bacancy/.rvm/rubies/ruby-2.7.1/lib/ruby/2.7.0/bundler/definition.rb:237:in `specs_for'
  /home/bacancy/.rvm/rubies/ruby-2.7.1/lib/ruby/2.7.0/bundler/definition.rb:226:in `requested_specs'
  /home/bacancy/.rvm/rubies/ruby-2.7.1/lib/ruby/2.7.0/bundler/runtime.rb:101:in `block in definition_method'
  /home/bacancy/.rvm/rubies/ruby-2.7.1/lib/ruby/2.7.0/bundler/runtime.rb:20:in `setup'
  /home/bacancy/.rvm/rubies/ruby-2.7.1/lib/ruby/2.7.0/bundler.rb:149:in `setup'
  /home/bacancy/.rvm/rubies/ruby-2.7.1/lib/ruby/2.7.0/bundler/setup.rb:20:in `block in <top (required)>'
  /home/bacancy/.rvm/rubies/ruby-2.7.1/lib/ruby/2.7.0/bundler/ui/shell.rb:136:in `with_level'
  /home/bacancy/.rvm/rubies/ruby-2.7.1/lib/ruby/2.7.0/bundler/ui/shell.rb:88:in `silence'
  /home/bacancy/.rvm/rubies/ruby-2.7.1/lib/ruby/2.7.0/bundler/setup.rb:20:in `<top (required)>'
bundler: failed to load command: bin/rails (bin/rails)
Bundler::GemNotFound: Could not find json-1.8.6 in any of the sources
  /home/bacancy/.rvm/rubies/ruby-2.7.1/lib/ruby/2.7.0/bundler/spec_set.rb:86:in `block in materialize'
  /home/bacancy/.rvm/rubies/ruby-2.7.1/lib/ruby/2.7.0/bundler/spec_set.rb:80:in `map!'
  /home/bacancy/.rvm/rubies/ruby-2.7.1/lib/ruby/2.7.0/bundler/spec_set.rb:80:in `materialize'
  /home/bacancy/.rvm/rubies/ruby-2.7.1/lib/ruby/2.7.0/bundler/definition.rb:170:in `specs'
  /home/bacancy/.rvm/rubies/ruby-2.7.1/lib/ruby/2.7.0/bundler/definition.rb:237:in `specs_for'
  /home/bacancy/.rvm/rubies/ruby-2.7.1/lib/ruby/2.7.0/bundler/definition.rb:226:in `requested_specs'
  /home/bacancy/.rvm/rubies/ruby-2.7.1/lib/ruby/2.7.0/bundler/runtime.rb:101:in `block in definition_method'
  /home/bacancy/.rvm/rubies/ruby-2.7.1/lib/ruby/2.7.0/bundler/runtime.rb:20:in `setup'
  /home/bacancy/.rvm/rubies/ruby-2.7.1/lib/ruby/2.7.0/bundler.rb:149:in `setup'
  /home/bacancy/.rvm/rubies/ruby-2.7.1/lib/ruby/2.7.0/bundler/setup.rb:20:in `block in <top (required)>'
  /home/bacancy/.rvm/rubies/ruby-2.7.1/lib/ruby/2.7.0/bundler/ui/shell.rb:136:in `with_level'
  /home/bacancy/.rvm/rubies/ruby-2.7.1/lib/ruby/2.7.0/bundler/ui/shell.rb:88:in `silence'
  /home/bacancy/.rvm/rubies/ruby-2.7.1/lib/ruby/2.7.0/bundler/setup.rb:20:in `<top (required)>'
bundler: failed to load command: bin/rails (bin/rails)
Bundler::GemNotFound: Could not find json-1.8.6 in any of the sources
  /home/bacancy/.rvm/rubies/ruby-2.7.1/lib/ruby/2.7.0/bundler/spec_set.rb:86:in `block in materialize'
  /home/bacancy/.rvm/rubies/ruby-2.7.1/lib/ruby/2.7.0/bundler/spec_set.rb:80:in `map!'
  /home/bacancy/.rvm/rubies/ruby-2.7.1/lib/ruby/2.7.0/bundler/spec_set.rb:80:in `materialize'
  /home/bacancy/.rvm/rubies/ruby-2.7.1/lib/ruby/2.7.0/bundler/definition.rb:170:in `specs'
  /home/bacancy/.rvm/rubies/ruby-2.7.1/lib/ruby/2.7.0/bundler/definition.rb:237:in `specs_for'
  /home/bacancy/.rvm/rubies/ruby-2.7.1/lib/ruby/2.7.0/bundler/definition.rb:226:in `requested_specs'
  /home/bacancy/.rvm/rubies/ruby-2.7.1/lib/ruby/2.7.0/bundler/runtime.rb:101:in `block in definition_method'
  /home/bacancy/.rvm/rubies/ruby-2.7.1/lib/ruby/2.7.0/bundler/runtime.rb:20:in `setup'
  /home/bacancy/.rvm/rubies/ruby-2.7.1/lib/ruby/2.7.0/bundler.rb:149:in `setup'
  /home/bacancy/.rvm/rubies/ruby-2.7.1/lib/ruby/2.7.0/bundler/setup.rb:20:in `block in <top (required)>'
  /home/bacancy/.rvm/rubies/ruby-2.7.1/lib/ruby/2.7.0/bundler/ui/shell.rb:136:in `with_level'
  /home/bacancy/.rvm/rubies/ruby-2.7.1/lib/ruby/2.7.0/bundler/ui/shell.rb:88:in `silence'
  /home/bacancy/.rvm/rubies/ruby-2.7.1/lib/ruby/2.7.0/bundler/setup.rb:20:in `<top (required)>'
